<?xml version="1.0" encoding="UTF-8"?>
<!-- Generated by org.testng.reporters.JUnitReportReporter -->
<testsuite skipped="0" hostname="MMT-LPT-7667" name="DownloadWeatherData" tests="1" failures="0" timestamp="05 Oct 2019 18:05:19 GMT" time="7.737" errors="0">
  <testcase name="openReport" time="7.737" classname="DownloadWeatherData"/>
</testsuite> <!-- DownloadWeatherData -->
